<?xml version="1.0" encoding="UTF-8"?>
<!-- Generated by org.testng.reporters.JUnitReportReporter -->
<testsuite hostname="DESKTOP-H6DIO61" failures="0" tests="4" name="com.mAadhar.testing.RequestServiceTest" time="0.006" errors="0" timestamp="2023-09-15T17:55:16 IST" skipped="0">
  <testcase classname="com.mAadhar.testing.RequestServiceTest" name="viewmyAdharTest" time="0.002"/>
  <system-out/>
  <testcase classname="com.mAadhar.testing.RequestServiceTest" name="getAllRequestsTest" time="0.002"/>
  <system-out/>
  <testcase classname="com.mAadhar.testing.RequestServiceTest" name="AllAadhars" time="0.001"/>
  <system-out/>
  <testcase classname="com.mAadhar.testing.RequestServiceTest" name="ApplyAadharTest" time="0.001"/>
  <system-out/>
</testsuite> <!-- com.mAadhar.testing.RequestServiceTest -->
