<?xml version="1.0" encoding="UTF-8"?>
<!-- Generated by org.testng.reporters.JUnitReportReporter -->
<testsuite hostname="DESKTOP-H6DIO61" failures="0" tests="2" name="com.mAadhar.testing.LoginServiceTest" time="0.012" errors="0" timestamp="2023-09-15T17:55:16 IST" skipped="0">
  <testcase classname="com.mAadhar.testing.LoginServiceTest" name="signUpTest" time="0.002"/>
  <system-out/>
  <testcase classname="com.mAadhar.testing.LoginServiceTest" name="signInTest" time="0.010"/>
  <system-out/>
</testsuite> <!-- com.mAadhar.testing.LoginServiceTest -->
